<?xml version="1.0" encoding="UTF-8"?>
<testng-results ignored="0" total="5" passed="4" failed="1" skipped="0">
  <reporter-output>
  </reporter-output>
  <suite started-at="2023-09-25T11:20:24Z" name="Suite" finished-at="2023-09-25T11:22:25Z" duration-ms="121917">
    <groups>
    </groups>
    <test started-at="2023-09-25T11:20:24Z" name="Login Test" finished-at="2023-09-25T11:20:29Z" duration-ms="5561">
      <class name="testcases.LoginPPage">
        <test-method signature="loginLandingPage()[pri:0, instance:testcases.LoginPPage@74bf1791]" started-at="2023-09-25T11:20:24Z" name="loginLandingPage" finished-at="2023-09-25T11:20:29Z" duration-ms="5544" status="PASS">
          <reporter-output>
          </reporter-output>
        </test-method> <!-- loginLandingPage -->
      </class> <!-- testcases.LoginPPage -->
    </test> <!-- Login Test -->
    <test started-at="2023-09-25T11:20:29Z" name=" PastPurchases Test" finished-at="2023-09-25T11:20:45Z" duration-ms="15807">
      <class name="testcases.Pastpuchases">
        <test-method signature="pastpurchases()[pri:0, instance:testcases.Pastpuchases@558bdf1f]" started-at="2023-09-25T11:20:29Z" name="pastpurchases" finished-at="2023-09-25T11:20:45Z" duration-ms="15806" status="PASS">
          <reporter-output>
          </reporter-output>
        </test-method> <!-- pastpurchases -->
      </class> <!-- testcases.Pastpuchases -->
    </test> <!--  PastPurchases Test -->
    <test started-at="2023-09-25T11:20:45Z" name=" BestSeller Test" finished-at="2023-09-25T11:21:21Z" duration-ms="36294">
      <class name="testcases.BestSellers">
        <test-method signature="BestSellersItems()[pri:0, instance:testcases.BestSellers@146dfe6]" started-at="2023-09-25T11:20:45Z" name="BestSellersItems" finished-at="2023-09-25T11:21:21Z" duration-ms="36292" status="PASS">
          <reporter-output>
          </reporter-output>
        </test-method> <!-- BestSellersItems -->
      </class> <!-- testcases.BestSellers -->
    </test> <!--  BestSeller Test -->
    <test started-at="2023-09-25T11:21:21Z" name=" New_Releases Test" finished-at="2023-09-25T11:21:31Z" duration-ms="9740">
      <class name="testcases.New_Releases">
        <test-method signature="newReleases()[pri:0, instance:testcases.New_Releases@ca30bc1]" started-at="2023-09-25T11:21:21Z" name="newReleases" finished-at="2023-09-25T11:21:31Z" duration-ms="9738" status="PASS">
          <reporter-output>
          </reporter-output>
        </test-method> <!-- newReleases -->
      </class> <!-- testcases.New_Releases -->
    </test> <!--  New_Releases Test -->
    <test started-at="2023-09-25T11:21:31Z" name="moverss and shakers Test" finished-at="2023-09-25T11:22:25Z" duration-ms="54460">
      <class name="testcases.Moverss_And_Shakerss">
        <test-method signature="moversAndShakers()[pri:0, instance:testcases.Moverss_And_Shakerss@60df60da]" started-at="2023-09-25T11:21:31Z" name="moversAndShakers" finished-at="2023-09-25T11:22:25Z" duration-ms="54455" status="FAIL">
          <exception class="org.openqa.selenium.NoSuchElementException">
            <message>
              <![CDATA[no such element: Unable to locate element: {"method":"xpath","selector":"//input[@aria-labelledby='freshAddToCartButton-announce']"}
  (Session info: chrome=116.0.5845.188)
For documentation on this error, please visit: https://www.selenium.dev/documentation/webdriver/troubleshooting/errors#no-such-element-exception
Build info: version: '4.11.0', revision: '040bc5406b'
System info: os.name: 'Windows 10', os.arch: 'amd64', os.version: '10.0', java.version: '17.0.6'
Driver info: org.openqa.selenium.chrome.ChromeDriver
Command: [79e0b5565030d6f3d5c20e6b2b881fa5, findElement {using=xpath, value=//input[@aria-labelledby='freshAddToCartButton-announce']}]
Capabilities {acceptInsecureCerts: false, browserName: chrome, browserVersion: 116.0.5845.188, chrome: {chromedriverVersion: 116.0.5845.96 (1a3918166880..., userDataDir: C:\Users\Admin\AppData\Loca...}, fedcm:accounts: true, goog:chromeOptions: {debuggerAddress: localhost:57144}, networkConnectionEnabled: false, pageLoadStrategy: normal, platformName: windows, proxy: Proxy(), se:cdp: ws://localhost:57144/devtoo..., se:cdpVersion: 116.0.5845.188, setWindowRect: true, strictFileInteractability: false, timeouts: {implicit: 0, pageLoad: 300000, script: 30000}, unhandledPromptBehavior: dismiss and notify, webauthn:extension:credBlob: true, webauthn:extension:largeBlob: true, webauthn:extension:minPinLength: true, webauthn:extension:prf: true, webauthn:virtualAuthenticators: true}
Session ID: 79e0b5565030d6f3d5c20e6b2b881fa5]]>
            </message>
            <full-stacktrace>
              <![CDATA[org.openqa.selenium.NoSuchElementException: no such element: Unable to locate element: {"method":"xpath","selector":"//input[@aria-labelledby='freshAddToCartButton-announce']"}
  (Session info: chrome=116.0.5845.188)
For documentation on this error, please visit: https://www.selenium.dev/documentation/webdriver/troubleshooting/errors#no-such-element-exception
Build info: version: '4.11.0', revision: '040bc5406b'
System info: os.name: 'Windows 10', os.arch: 'amd64', os.version: '10.0', java.version: '17.0.6'
Driver info: org.openqa.selenium.chrome.ChromeDriver
Command: [79e0b5565030d6f3d5c20e6b2b881fa5, findElement {using=xpath, value=//input[@aria-labelledby='freshAddToCartButton-announce']}]
Capabilities {acceptInsecureCerts: false, browserName: chrome, browserVersion: 116.0.5845.188, chrome: {chromedriverVersion: 116.0.5845.96 (1a3918166880..., userDataDir: C:\Users\Admin\AppData\Loca...}, fedcm:accounts: true, goog:chromeOptions: {debuggerAddress: localhost:57144}, networkConnectionEnabled: false, pageLoadStrategy: normal, platformName: windows, proxy: Proxy(), se:cdp: ws://localhost:57144/devtoo..., se:cdpVersion: 116.0.5845.188, setWindowRect: true, strictFileInteractability: false, timeouts: {implicit: 0, pageLoad: 300000, script: 30000}, unhandledPromptBehavior: dismiss and notify, webauthn:extension:credBlob: true, webauthn:extension:largeBlob: true, webauthn:extension:minPinLength: true, webauthn:extension:prf: true, webauthn:virtualAuthenticators: true}
Session ID: 79e0b5565030d6f3d5c20e6b2b881fa5
at java.base/jdk.internal.reflect.NativeConstructorAccessorImpl.newInstance0(Native Method)
at java.base/jdk.internal.reflect.NativeConstructorAccessorImpl.newInstance(NativeConstructorAccessorImpl.java:77)
at java.base/jdk.internal.reflect.DelegatingConstructorAccessorImpl.newInstance(DelegatingConstructorAccessorImpl.java:45)
at java.base/java.lang.reflect.Constructor.newInstanceWithCaller(Constructor.java:499)
at java.base/java.lang.reflect.Constructor.newInstance(Constructor.java:480)
at org.openqa.selenium.remote.codec.w3c.W3CHttpResponseCodec.createException(W3CHttpResponseCodec.java:200)
at org.openqa.selenium.remote.codec.w3c.W3CHttpResponseCodec.decode(W3CHttpResponseCodec.java:133)
at org.openqa.selenium.remote.codec.w3c.W3CHttpResponseCodec.decode(W3CHttpResponseCodec.java:52)
at org.openqa.selenium.remote.HttpCommandExecutor.execute(HttpCommandExecutor.java:191)
at org.openqa.selenium.remote.service.DriverCommandExecutor.invokeExecute(DriverCommandExecutor.java:196)
at org.openqa.selenium.remote.service.DriverCommandExecutor.execute(DriverCommandExecutor.java:171)
at org.openqa.selenium.remote.RemoteWebDriver.execute(RemoteWebDriver.java:518)
at org.openqa.selenium.remote.ElementLocation$ElementFinder$2.findElement(ElementLocation.java:165)
at org.openqa.selenium.remote.ElementLocation.findElement(ElementLocation.java:59)
at org.openqa.selenium.remote.RemoteWebDriver.findElement(RemoteWebDriver.java:355)
at org.openqa.selenium.remote.RemoteWebDriver.findElement(RemoteWebDriver.java:349)
at Trending.Movers_And_Shakers.moversandShakers(Movers_And_Shakers.java:21)
at testcases.Moverss_And_Shakerss.moversAndShakers(Moverss_And_Shakerss.java:14)
at java.base/jdk.internal.reflect.NativeMethodAccessorImpl.invoke0(Native Method)
at java.base/jdk.internal.reflect.NativeMethodAccessorImpl.invoke(NativeMethodAccessorImpl.java:77)
at java.base/jdk.internal.reflect.DelegatingMethodAccessorImpl.invoke(DelegatingMethodAccessorImpl.java:43)
at java.base/java.lang.reflect.Method.invoke(Method.java:568)
at org.testng.internal.MethodInvocationHelper.invokeMethod(MethodInvocationHelper.java:124)
at org.testng.internal.Invoker.invokeMethod(Invoker.java:583)
at org.testng.internal.Invoker.invokeTestMethod(Invoker.java:719)
at org.testng.internal.Invoker.invokeTestMethods(Invoker.java:989)
at org.testng.internal.TestMethodWorker.invokeTestMethods(TestMethodWorker.java:125)
at org.testng.internal.TestMethodWorker.run(TestMethodWorker.java:109)
at org.testng.TestRunner.privateRun(TestRunner.java:648)
at org.testng.TestRunner.run(TestRunner.java:505)
at org.testng.SuiteRunner.runTest(SuiteRunner.java:455)
at org.testng.SuiteRunner.runSequentially(SuiteRunner.java:450)
at org.testng.SuiteRunner.privateRun(SuiteRunner.java:415)
at org.testng.SuiteRunner.run(SuiteRunner.java:364)
at org.testng.SuiteRunnerWorker.runSuite(SuiteRunnerWorker.java:52)
at org.testng.SuiteRunnerWorker.run(SuiteRunnerWorker.java:84)
at org.testng.TestNG.runSuitesSequentially(TestNG.java:1208)
at org.testng.TestNG.runSuitesLocally(TestNG.java:1137)
at org.testng.TestNG.runSuites(TestNG.java:1049)
at org.testng.TestNG.run(TestNG.java:1017)
at org.testng.remote.AbstractRemoteTestNG.run(AbstractRemoteTestNG.java:115)
at org.testng.remote.RemoteTestNG.initAndRun(RemoteTestNG.java:251)
at org.testng.remote.RemoteTestNG.main(RemoteTestNG.java:77)
]]>
            </full-stacktrace>
          </exception> <!-- org.openqa.selenium.NoSuchElementException -->
          <reporter-output>
          </reporter-output>
        </test-method> <!-- moversAndShakers -->
      </class> <!-- testcases.Moverss_And_Shakerss -->
    </test> <!-- moverss and shakers Test -->
  </suite> <!-- Suite -->
</testng-results>
